epoch	dice_coef	loss	val_dice_coef	val_loss
0	0.3026667187611262	0.5407935749916803	0.2640227600932121	0.5898076295852661
1	0.28603885713077726	0.3898214300473531	0.279791853257588	0.6427769916398185
2	0.33975519027028767	0.35145514068149386	0.1682413454566683	0.46888337816510883
3	0.38960967390310197	0.3292491010257176	0.15641426667571068	0.5887274444103241
4	0.3025378506808054	0.31713556391852243	0.17984976087297713	0.7553494913237435
0	0.3657989370680991	0.31122085806869326	0.14252011477947235	0.6028634011745453
1	0.34687655028842745	0.3039371314502898	0.1760252309697015	0.7530038612229484
2	0.36603058945565	0.3006273621604556	0.13182475524289267	0.469990006514958
3	0.3883527226068757	0.26615345207127655	0.12571725249290466	0.6238855719566345
4	0.4013689987361431	0.27318856939673425	0.14023719727993011	0.8235412580626351
5	0.36514068056236615	0.27045744386586273	0.11077839136123657	0.48950493335723877
6	0.3773596897011712	0.22783048167115166	0.12671960145235062	0.6177452802658081
7	0.42922599400792805	0.28580703196071444	0.1236580280320985	0.86104816198349
8	0.43494615852832796	0.25892471373081205	0.09583204239606857	0.510518593447549
9	0.4091899111157372	0.25548032493818373	0.1017104759812355	0.6693061888217926
10	0.35946365410373327	0.2523589148407891	0.12001592559473855	0.8692518046924046
11	0.41485474326393823	0.24379116432233292	0.0965002030134201	0.5096416388239179
12	0.4154371108327593	0.21578505564303624	0.09989256039261818	0.6727607250213623
13	0.4043122515791938	0.25106403941199895	0.1098661720752716	0.8982823831694466
14	0.45204255268687293	0.25254028467904954	0.08930640135492597	0.523405236857278
15	0.4761000190462385	0.22389293852306547	0.09277317672967911	0.6915959119796753
16	0.38743084243365694	0.21938290908223107	0.11727016951356616	0.8765546338898795
17	0.3828947354446758	0.2562275393442674	0.08395889294998986	0.5340322170938764
0	0.28832641669682096	0.5423319779691242	0.2724076509475708	0.6150891482830048
1	0.3303866675567059	0.4013773444153014	0.24817216396331787	0.6623192599841526
2	0.3164272251583281	0.3407134711742401	0.14745592219488962	0.4710670454161508
3	0.3559667471618879	0.3317674682253883	0.14037419483065605	0.6089532971382141
0	0.25021802234862534	0.5921528538068136	0.2659725546836853	0.5963508784770966
1	0.29829494934529066	0.4007161801511591	0.2727659727845873	0.6399867960384914
2	0.3077540842461444	0.3581893131846473	0.1675797211272376	0.4578861083303179
3	0.3492548540234566	0.32773216962814333	0.15743867307901382	0.5759647190570831
4	0.3414881524037231	0.3164124841039831	0.1810083304132734	0.7427715914590018
0	0.3542210998989287	0.3049341028644925	0.17230486124753952	0.5580111891031265
1	0.3395232128955069	0.31307784574372427	0.19236335158348083	0.7219801374844143
2	0.35290958484013873	0.2815780582882109	0.1494775733777455	0.45628092118671965
0	0.2361993661948613	0.6377250651518503	0.2940030172467232	0.692066878080368
1	0.2968080739180247	0.4494571401959374	0.3821880987712315	0.6917342373303005
2	0.25286599284126643	0.4293181300163269	0.24282639367239817	0.6896550740514483
3	0.3142111045973642	0.3737049301465352	0.29353172332048416	0.6895862519741058
4	0.26797136735348476	0.35907409872327534	0.38157560569899424	0.6902286921228681
0	0.32440482541209176	0.3583887269099553	0.29329530894756317	0.6883658766746521
1	0.33814182026045664	0.34174271140779766	0.38124657954488483	0.6894305092947823
2	0.327691831049465	0.29591288453056697	0.2424232576574598	0.685707117830004
3	0.3214711167595603	0.3397621756250208	0.2929309606552124	0.6864913403987885
4	0.2974934058263898	0.32638592049479487	0.38072676743779865	0.6881764275687081
0	0.22593915356057032	0.5761716450963702	0.2940019518136978	0.6920556426048279
1	0.28020308415095013	0.45449375822430566	0.3821579984256199	0.6916545714650836
2	0.2732095779343085	0.3945598737760024	0.24280057208878653	0.6894127300807408
3	0.2937208518385887	0.36630188673734665	0.2934817224740982	0.6893440186977386
4	0.2814252701672641	0.3308213028040799	0.381499992949622	0.6900404180799212
5	0.34248420046198935	0.3108914153916495	0.24254006573132106	0.6868442467280796
6	0.26471760477870704	0.3629485987126827	0.29312901943922043	0.6875023543834686
7	0.31974107162518933	0.2898479117588563	0.3810082716601236	0.6888435653277806
8	0.30973100252449515	0.30625080689787865	0.2423374993460519	0.684876024723053
9	0.34710497476837854	0.3042464703321457	0.2928142622113228	0.6858956813812256
10	0.3373385483310336	0.317527935618446	0.3805787137576512	0.6878226143973214
0	0.2755959371016139	0.5623058449654352	0.29401029646396637	0.6921085715293884
1	0.21092769512463183	0.4309650985967545	0.38216221758297514	0.6916745049612862
2	0.28732476915631977	0.370705342008954	0.24280052525656565	0.6894121595791408
3	0.29133545075144085	0.33861482782023294	0.29347919672727585	0.6893231570720673
4	0.3837852080663045	0.36315193630400155	0.38151825751577106	0.6900859475135803
0	0.23004681439626784	0.5449624515715099	0.29399383068084717	0.692010760307312
1	0.33906581572123934	0.4263227369104113	0.3821626092706408	0.6916759780475071
2	0.2961996289945784	0.35347277635619756	0.24279912880488805	0.6894010901451111
3	0.3047262529532115	0.34311770896116894	0.2934754639863968	0.6892914175987244
4	0.3196529285474257	0.32056743042035535	0.3814867777483804	0.6900092874254499
5	0.33271684249242145	0.30642031346048626	0.24253009472574508	0.6867542692593166
6	0.3184933250769973	0.3394312381744385	0.2931111305952072	0.6874184608459473
7	0.3172751942818815	0.32294782589782367	0.38100218772888184	0.6888310653822762
8	0.3860889839984122	0.28807270526885986	0.2423356899193355	0.684865687574659
9	0.35082011421521503	0.3204162149202256	0.29280784726142883	0.6858632564544678
10	0.35151027355875286	0.2790781862678982	0.38055264949798584	0.6877494539533343
11	0.3102956180061613	0.282340869307518	0.24211564234324864	0.6827364989689418
12	0.2855115563354709	0.2970733398740942	0.2924695983529091	0.6841442286968231
13	0.3630860403180122	0.288682546466589	0.3800708310944693	0.6866163781711033
14	0.36510341840663124	0.32531092706180753	0.24192852207592555	0.6809445449284145
0	0.38346825451368377	0.26057436991305577	0.2921930402517319	0.6827601492404938
1	0.3733851412932078	0.2704534970578693	0.3796928482396262	0.6857302784919739
2	0.3926621576150258	0.25512516498565674	0.24174857991082327	0.679251526083265
3	0.39373619570618584	0.30170523481709616	0.2919183149933815	0.6813925504684448
4	0.35492241382598877	0.253604147921909	0.37929479139191763	0.6848097443580627
5	0.3508916571736336	0.2690639942884445	0.24157411285809108	0.6776043432099479
6	0.40703385255553504	0.2670310911807147	0.29167640209198	0.6801992058753967
7	0.2785768309608102	0.25965319350361826	0.3789577271257128	0.6840282763753619
8	0.39029703357002954	0.24146914753046902	0.24143307975360326	0.6762729116848537
9	0.42897482713063556	0.26632259005591985	0.291466623544693	0.6791691780090332
10	0.4291866776489076	0.2578654005413964	0.378635436296463	0.6833095295088631
0	0.2786194235086441	0.5485533873240153	0.29399578273296356	0.6920227110385895
1	0.26674809713255276	0.43451751091263513	0.3821488916873932	0.6916317939758301
2	0.33057488352060316	0.36526714265346527	0.24279695749282837	0.6893721904073443
3	0.2970371182475771	0.3414294123649597	0.29348956793546677	0.6893642544746399
4	0.3169129874468559	0.3273385990233648	0.3815072306564876	0.6900552681514195
5	0.33969888942582266	0.3279575421696618	0.24255428995404923	0.6869957361902509
6	0.3568331315605478	0.30132089148868213	0.2931377962231636	0.6875563263893127
7	0.3007367241196334	0.27511371970176696	0.38100465280669077	0.6888486061777387
8	0.34444234768549603	0.35902670593488784	0.24233102372714452	0.6848131588527134
9	0.33944032305762883	0.25321337793554577	0.2927979826927185	0.6858205199241638
10	0.37994023344733496	0.2953629913655194	0.38054815786225454	0.6877462778772626
11	0.36542989171686624	0.30017747623579843	0.24212814228875296	0.6828562191554478
12	0.29276823265744106	0.26464693744977313	0.2924860268831253	0.6842396855354309
13	0.4039374362854731	0.2790653379190536	0.3800889083317348	0.6866536055292402
0	0.22493454100497598	0.553493877251943	0.294002003967762	0.6920551061630249
1	0.31076978147029877	0.43347610462279546	0.3821825853415898	0.6917241726602826
2	0.33465356060436796	0.35740414403733756	0.2428165078163147	0.6895713039806911
3	0.30736512216654693	0.3422544246370142	0.2935009226202965	0.6894311308860779
4	0.29269135033800486	0.31205819901965914	0.38151209694998606	0.6900735667773655
5	0.3158823744881721	0.3180675109227498	0.24254148772784642	0.6868616087096078
6	0.3715627505665734	0.31886658923966543	0.2931148335337639	0.6874372363090515
7	0.33398255581657094	0.31295154704934075	0.38099140780312674	0.6888067041124616
8	0.34115654655865263	0.33132564099062056	0.24231891546930587	0.6847015874726432
9	0.34084478989243505	0.27545840814709666	0.2927793338894844	0.6857136487960815
0	0.24597805028869993	0.5524565520740691	0.2939949557185173	0.6920221149921417
1	0.2586925533555803	0.4374677311806452	0.3821609318256378	0.6916772382599967
2	0.31645483559086207	0.38495546721276785	0.24281511987958634	0.6895602004868644
3	0.2996469952843406	0.3186219172044234	0.29350830614566803	0.6894627213478088
4	0.38522834293544295	0.3400192022323608	0.3815451221806662	0.6901468123708453
0	0.24283396168833687	0.5521184745289031	0.2939949557185173	0.6920221149921417
1	0.30155031595911297	0.44014609995342435	0.3821654830660139	0.6916805931500026
2	0.31744679240953355	0.39302838700158255	0.24280159388269698	0.6894128322601318
3	0.28760486167101634	0.3305786365554446	0.2934765890240669	0.6893002986907959
4	0.36566175733293804	0.37512129687127616	0.3815024367400578	0.6900395665849958
0	0.22899289571103595	0.5480090975761414	0.2940029203891754	0.6920668482780457
1	0.2558989565480839	0.4281319867480885	0.3821745344570705	0.6917032854897636
2	0.3157321356591724	0.3666292400587173	0.24280557462147304	0.6894509877477374
3	0.3367053732275963	0.33268799632787704	0.2934943288564682	0.6894097328186035
4	0.3666620964095706	0.36452224424907137	0.38154661655426025	0.6901540671076093
0	0.2648589305934452	0.5629386249042693	0.29399754106998444	0.6920344829559326
1	0.27852382688295274	0.43290645593688604	0.3821492833750589	0.6916338290487017
2	0.30538444291977657	0.35264812055088224	0.2427977749279567	0.6893835152898516
3	0.34172211764823823	0.34886730852581205	0.29348427057266235	0.6893532276153564
4	0.35609138153848197	0.3287253720419748	0.3815064770834787	0.6900538461548942
